<?xml version="1.0" encoding="UTF-8"?>
<!-- Generated by org.testng.reporters.JUnitXMLReporter -->
<testsuite hostname="Mir-PC" ignored="0" name="TestA4-5" tests="12" failures="0" timestamp="29 Jul 2020 04:39:22 GMT" time="0.059" errors="0">
  <testcase name="testA4_1" time="0.002" classname="suiteA.TestA4"/>
  <testcase name="testA4_2" time="0.002" classname="suiteA.TestA4"/>
  <testcase name="testA4_3" time="0.004" classname="suiteA.TestA4"/>
  <testcase name="testA4_4" time="0.001" classname="suiteA.TestA4"/>
  <testcase name="testA4_5" time="0.002" classname="suiteA.TestA4"/>
  <testcase name="testA4_6" time="0.002" classname="suiteA.TestA4"/>
  <testcase name="testA5_1" time="0.001" classname="suiteA.TestA5"/>
  <testcase name="testA5_2" time="0.001" classname="suiteA.TestA5"/>
  <testcase name="testA5_3" time="0.002" classname="suiteA.TestA5"/>
  <testcase name="testA5_4" time="0.002" classname="suiteA.TestA5"/>
  <testcase name="testA5_5" time="0.002" classname="suiteA.TestA5"/>
  <testcase name="testA5_6" time="0.001" classname="suiteA.TestA5"/>
</testsuite> <!-- TestA4-5 -->
