<?xml version="1.0" encoding="UTF-8"?>
<!-- Generated by org.testng.reporters.JUnitXMLReporter -->
<testsuite hostname="Mir-PC" ignored="12" tests="0" failures="0" timestamp="31 Jul 2020 03:52:50 GMT" time="0.001" errors="0">
  <testcase name="testA4_3" time="0.0" classname="suiteA.TestA4">
    <ignored/>
  </testcase> <!-- testA4_3 -->
  <testcase name="testA5_1" time="0.0" classname="suiteA.TestA5">
    <ignored/>
  </testcase> <!-- testA5_1 -->
  <testcase name="testA4_6" time="0.0" classname="suiteA.TestA4">
    <ignored/>
  </testcase> <!-- testA4_6 -->
  <testcase name="testA5_6" time="0.0" classname="suiteA.TestA5">
    <ignored/>
  </testcase> <!-- testA5_6 -->
  <testcase name="testA4_4" time="0.0" classname="suiteA.TestA4">
    <ignored/>
  </testcase> <!-- testA4_4 -->
  <testcase name="testA5_4" time="0.0" classname="suiteA.TestA5">
    <ignored/>
  </testcase> <!-- testA5_4 -->
  <testcase name="testA4_5" time="0.0" classname="suiteA.TestA4">
    <ignored/>
  </testcase> <!-- testA4_5 -->
  <testcase name="testA5_3" time="0.0" classname="suiteA.TestA5">
    <ignored/>
  </testcase> <!-- testA5_3 -->
  <testcase name="testA4_2" time="0.0" classname="suiteA.TestA4">
    <ignored/>
  </testcase> <!-- testA4_2 -->
  <testcase name="testA5_2" time="0.0" classname="suiteA.TestA5">
    <ignored/>
  </testcase> <!-- testA5_2 -->
  <testcase name="testA4_1" time="0.0" classname="suiteA.TestA4">
    <ignored/>
  </testcase> <!-- testA4_1 -->
  <testcase name="testA5_5" time="0.0" classname="suiteA.TestA5">
    <ignored/>
  </testcase> <!-- testA5_5 -->
</testsuite>
