<?xml version="1.0" encoding="UTF-8"?>
<!-- Generated by org.testng.reporters.JUnitXMLReporter -->
<testsuite hostname="Mir-PC" ignored="10" tests="0" failures="0" timestamp="30 Jul 2020 23:33:07 GMT" time="0.001" errors="0">
  <testcase name="testAA4_1" time="0.0" classname="suiteA.TestAA4">
    <ignored/>
  </testcase> <!-- testAA4_1 -->
  <testcase name="testAA5_3" time="0.0" classname="suiteA.TestAA5">
    <ignored/>
  </testcase> <!-- testAA5_3 -->
  <testcase name="testAA4_4" time="0.0" classname="suiteA.TestAA4">
    <ignored/>
  </testcase> <!-- testAA4_4 -->
  <testcase name="testAA5_5" time="0.0" classname="suiteA.TestAA5">
    <ignored/>
  </testcase> <!-- testAA5_5 -->
  <testcase name="testAA4_2" time="0.0" classname="suiteA.TestAA4">
    <ignored/>
  </testcase> <!-- testAA4_2 -->
  <testcase name="testAA5_2" time="0.0" classname="suiteA.TestAA5">
    <ignored/>
  </testcase> <!-- testAA5_2 -->
  <testcase name="testAA4_3" time="0.0" classname="suiteA.TestAA4">
    <ignored/>
  </testcase> <!-- testAA4_3 -->
  <testcase name="testAA5_1" time="0.0" classname="suiteA.TestAA5">
    <ignored/>
  </testcase> <!-- testAA5_1 -->
  <testcase name="testAA4_5" time="0.0" classname="suiteA.TestAA4">
    <ignored/>
  </testcase> <!-- testAA4_5 -->
  <testcase name="testAA5_4" time="0.0" classname="suiteA.TestAA5">
    <ignored/>
  </testcase> <!-- testAA5_4 -->
</testsuite>
