<?xml version="1.0" encoding="UTF-8"?>
<!-- Generated by org.testng.reporters.JUnitXMLReporter -->
<testsuite hostname="Mir-PC" ignored="11" tests="0" failures="0" timestamp="31 Jul 2020 03:52:50 GMT" time="0.002" errors="0">
  <testcase name="testAA2_1" time="0.0" classname="suiteA.TestAA2">
    <ignored/>
  </testcase> <!-- testAA2_1 -->
  <testcase name="testAA3_3" time="0.0" classname="suiteA.TestAA3">
    <ignored/>
  </testcase> <!-- testAA3_3 -->
  <testcase name="testAA3_4" time="0.0" classname="suiteA.TestAA3">
    <ignored/>
  </testcase> <!-- testAA3_4 -->
  <testcase name="testAA2_2" time="0.0" classname="suiteA.TestAA2">
    <ignored/>
  </testcase> <!-- testAA2_2 -->
  <testcase name="testAA3_2" time="0.0" classname="suiteA.TestAA3">
    <ignored/>
  </testcase> <!-- testAA3_2 -->
  <testcase name="testAA2_5" time="0.0" classname="suiteA.TestAA2">
    <ignored/>
  </testcase> <!-- testAA2_5 -->
  <testcase name="testAA2_4" time="0.0" classname="suiteA.TestAA2">
    <ignored/>
  </testcase> <!-- testAA2_4 -->
  <testcase name="testAA3_5" time="0.0" classname="suiteA.TestAA3">
    <ignored/>
  </testcase> <!-- testAA3_5 -->
  <testcase name="testAA2_6" time="0.0" classname="suiteA.TestAA2">
    <ignored/>
  </testcase> <!-- testAA2_6 -->
  <testcase name="testAA2_3" time="0.0" classname="suiteA.TestAA2">
    <ignored/>
  </testcase> <!-- testAA2_3 -->
  <testcase name="testAA3_1" time="0.0" classname="suiteA.TestAA3">
    <ignored/>
  </testcase> <!-- testAA3_1 -->
</testsuite>
