<?xml version="1.0" encoding="UTF-8"?>
<!-- Generated by org.testng.reporters.JUnitXMLReporter -->
<testsuite hostname="Mir-PC" ignored="0" name="TestAA4-5" tests="10" failures="0" timestamp="29 Jul 2020 04:39:23 GMT" time="0.07" errors="0">
  <testcase name="testAA4_1" time="0.001" classname="suiteA.TestAA4"/>
  <testcase name="testAA4_2" time="0.001" classname="suiteA.TestAA4"/>
  <testcase name="testAA4_3" time="0.004" classname="suiteA.TestAA4"/>
  <testcase name="testAA4_4" time="0.002" classname="suiteA.TestAA4"/>
  <testcase name="testAA4_5" time="0.002" classname="suiteA.TestAA4"/>
  <testcase name="testAA5_1" time="0.003" classname="suiteA.TestAA5"/>
  <testcase name="testAA5_2" time="0.002" classname="suiteA.TestAA5"/>
  <testcase name="testAA5_3" time="0.002" classname="suiteA.TestAA5"/>
  <testcase name="testAA5_4" time="0.003" classname="suiteA.TestAA5"/>
  <testcase name="testAA5_5" time="0.003" classname="suiteA.TestAA5"/>
</testsuite> <!-- TestAA4-5 -->
