<?xml version="1.0" encoding="UTF-8"?>
<!-- Generated by org.testng.reporters.JUnitXMLReporter -->
<testsuite hostname="Mir-PC" ignored="0" name="TestA2-3" tests="12" failures="0" timestamp="29 Jul 2020 04:39:22 GMT" time="0.119" errors="0">
  <testcase name="testA2_1" time="0.006" classname="suiteA.TestA2"/>
  <testcase name="testA2_2" time="0.003" classname="suiteA.TestA2"/>
  <testcase name="testA2_3" time="0.003" classname="suiteA.TestA2"/>
  <testcase name="testA2_4" time="0.002" classname="suiteA.TestA2"/>
  <testcase name="testA2_5" time="0.002" classname="suiteA.TestA2"/>
  <testcase name="testA2_6" time="0.002" classname="suiteA.TestA2"/>
  <testcase name="testA3_1" time="0.002" classname="suiteA.TestA3"/>
  <testcase name="testA3_2" time="0.002" classname="suiteA.TestA3"/>
  <testcase name="testA3_3" time="0.001" classname="suiteA.TestA3"/>
  <testcase name="testA3_4" time="0.003" classname="suiteA.TestA3"/>
  <testcase name="testA3_5" time="0.003" classname="suiteA.TestA3"/>
  <testcase name="testA3_6" time="0.002" classname="suiteA.TestA3"/>
</testsuite> <!-- TestA2-3 -->
