<?xml version="1.0" encoding="UTF-8"?>
<!-- Generated by org.testng.reporters.JUnitXMLReporter -->
<testsuite hostname="Mir-PC" ignored="2" name="TestA2-3" tests="11" failures="4" timestamp="31 Jul 2020 03:52:50 GMT" time="1.1" errors="0">
  <testcase name="testA2_1" time="0.016" classname="suiteA.TestA2">
    <failure type="java.lang.AssertionError" message="The following asserts failed:
	Title does not match">
      <![CDATA[java.lang.AssertionError: The following asserts failed:
Title does not match
at suiteA.TestA2.testA2_1(TestA2.java:35)
... Removed 26 stack frames]]>
    </failure>
  </testcase> <!-- testA2_1 -->
  <testcase name="testA2_1" time="0.005" classname="suiteA.TestA2">
    <failure type="java.lang.AssertionError" message="The following asserts failed:
	Title does not match">
      <![CDATA[java.lang.AssertionError: The following asserts failed:
Title does not match
at suiteA.TestA2.testA2_1(TestA2.java:35)
... Removed 26 stack frames]]>
    </failure>
  </testcase> <!-- testA2_1 -->
  <testcase name="testA2_2" time="0.006" classname="suiteA.TestA2">
    <failure type="java.lang.AssertionError" message="The following asserts failed:
	This is a critical error">
      <![CDATA[java.lang.AssertionError: The following asserts failed:
This is a critical error
at testbase.TestBase2.failAndStopTest(TestBase2.java:100)
at suiteA.TestA2.testA2_2(TestA2.java:48)
... Removed 26 stack frames]]>
    </failure>
  </testcase> <!-- testA2_2 -->
  <testcase name="testA2_5" time="0.003" classname="suiteA.TestA2"/>
  <testcase name="testA2_6" time="0.002" classname="suiteA.TestA2">
    <failure type="java.lang.AssertionError" message="Forced to fail">
      <![CDATA[java.lang.AssertionError: Forced to fail
at suiteA.TestA2.testA2_6(TestA2.java:88)
... Removed 26 stack frames]]>
    </failure>
  </testcase> <!-- testA2_6 -->
  <testcase name="testA3_1" time="0.002" classname="suiteA.TestA3"/>
  <testcase name="testA3_2" time="0.002" classname="suiteA.TestA3"/>
  <testcase name="testA3_3" time="0.002" classname="suiteA.TestA3"/>
  <testcase name="testA3_4" time="0.002" classname="suiteA.TestA3"/>
  <testcase name="testA3_5" time="0.002" classname="suiteA.TestA3"/>
  <testcase name="testA3_6" time="0.002" classname="suiteA.TestA3"/>
  <testcase name="testA2_4" time="0.0" classname="suiteA.TestA2">
    <ignored/>
  </testcase> <!-- testA2_4 -->
  <testcase name="testA2_3" time="0.0" classname="suiteA.TestA2">
    <ignored/>
  </testcase> <!-- testA2_3 -->
</testsuite> <!-- TestA2-3 -->
