<?xml version="1.0" encoding="UTF-8"?>
<!-- Generated by org.testng.reporters.JUnitXMLReporter -->
<testsuite hostname="Mir-PC" ignored="0" name="Test BC" tests="3" failures="0" timestamp="24 Jul 2020 04:15:11 GMT" time="0.045" errors="0">
  <testcase name="@BeforeMethod init" time="0.0" classname="testbase.TestBase">
    <failure type="java.lang.NullPointerException">
      <![CDATA[java.lang.NullPointerException
at testbase.TestBase.init(TestBase.java:21)
... Removed 28 stack frames]]>
    </failure>
  </testcase> <!-- @BeforeMethod init -->
  <testcase name="@AfterMethod quit" time="0.0" classname="testbase.TestBase">
    <skipped/>
  </testcase> <!-- @AfterMethod quit -->
  <testcase name="@BeforeMethod init" time="0.001" classname="testbase.TestBase">
    <failure type="java.lang.NullPointerException">
      <![CDATA[java.lang.NullPointerException
at testbase.TestBase.init(TestBase.java:21)
... Removed 28 stack frames]]>
    </failure>
  </testcase> <!-- @BeforeMethod init -->
  <testcase name="@AfterMethod quit" time="0.0" classname="testbase.TestBase">
    <skipped/>
  </testcase> <!-- @AfterMethod quit -->
  <testcase name="@BeforeMethod init" time="0.001" classname="testbase.TestBase">
    <failure type="java.lang.NullPointerException">
      <![CDATA[java.lang.NullPointerException
at testbase.TestBase.init(TestBase.java:21)
... Removed 28 stack frames]]>
    </failure>
  </testcase> <!-- @BeforeMethod init -->
  <testcase name="@AfterMethod quit" time="0.0" classname="testbase.TestBase">
    <skipped/>
  </testcase> <!-- @AfterMethod quit -->
  <testcase name="testBB" time="0.0" classname="suiteB.TestBB">
    <skipped/>
  </testcase> <!-- testBB -->
  <testcase name="testC" time="0.0" classname="suiteC.TestC">
    <skipped/>
  </testcase> <!-- testC -->
  <testcase name="testCC" time="0.0" classname="suiteC.TestCC">
    <skipped/>
  </testcase> <!-- testCC -->
</testsuite> <!-- Test BC -->
