<?xml version="1.0" encoding="UTF-8"?>
<!-- Generated by org.testng.reporters.JUnitXMLReporter -->
<testsuite hostname="Mir-PC" ignored="0" name="Test AB" tests="6" failures="0" timestamp="24 Jul 2020 04:15:11 GMT" time="0.451" errors="0">
  <testcase name="@BeforeMethod init" time="0.262" classname="testbase.TestBase">
    <failure type="java.lang.NullPointerException">
      <![CDATA[java.lang.NullPointerException
at testbase.TestBase.init(TestBase.java:21)
... Removed 28 stack frames]]>
    </failure>
  </testcase> <!-- @BeforeMethod init -->
  <testcase name="@AfterMethod quit" time="0.0" classname="testbase.TestBase">
    <skipped/>
  </testcase> <!-- @AfterMethod quit -->
  <testcase name="@BeforeMethod init" time="0.0" classname="testbase.TestBase">
    <skipped/>
  </testcase> <!-- @BeforeMethod init -->
  <testcase name="@AfterMethod quit" time="0.0" classname="testbase.TestBase">
    <skipped/>
  </testcase> <!-- @AfterMethod quit -->
  <testcase name="@BeforeMethod init" time="0.003" classname="testbase.TestBase">
    <failure type="java.lang.NullPointerException">
      <![CDATA[java.lang.NullPointerException
at testbase.TestBase.init(TestBase.java:21)
... Removed 28 stack frames]]>
    </failure>
  </testcase> <!-- @BeforeMethod init -->
  <testcase name="@AfterMethod quit" time="0.0" classname="testbase.TestBase">
    <skipped/>
  </testcase> <!-- @AfterMethod quit -->
  <testcase name="@BeforeMethod init" time="0.0" classname="testbase.TestBase">
    <skipped/>
  </testcase> <!-- @BeforeMethod init -->
  <testcase name="@AfterMethod quit" time="0.0" classname="testbase.TestBase">
    <skipped/>
  </testcase> <!-- @AfterMethod quit -->
  <testcase name="@BeforeMethod init" time="0.0" classname="testbase.TestBase">
    <failure type="java.lang.NullPointerException">
      <![CDATA[java.lang.NullPointerException
at testbase.TestBase.init(TestBase.java:21)
... Removed 28 stack frames]]>
    </failure>
  </testcase> <!-- @BeforeMethod init -->
  <testcase name="@AfterMethod quit" time="0.0" classname="testbase.TestBase">
    <skipped/>
  </testcase> <!-- @AfterMethod quit -->
  <testcase name="@BeforeMethod init" time="0.0" classname="testbase.TestBase">
    <skipped/>
  </testcase> <!-- @BeforeMethod init -->
  <testcase name="@AfterMethod quit" time="0.0" classname="testbase.TestBase">
    <skipped/>
  </testcase> <!-- @AfterMethod quit -->
  <testcase name="testA" time="0.0" classname="suiteA.TestA">
    <skipped/>
  </testcase> <!-- testA -->
  <testcase name="testA" time="0.0" classname="suiteA.TestA">
    <skipped/>
  </testcase> <!-- testA -->
  <testcase name="testAA" time="0.0" classname="suiteA.TestAA">
    <skipped/>
  </testcase> <!-- testAA -->
  <testcase name="testAA" time="0.0" classname="suiteA.TestAA">
    <skipped/>
  </testcase> <!-- testAA -->
  <testcase name="testB" time="0.0" classname="suiteB.TestB">
    <skipped/>
  </testcase> <!-- testB -->
  <testcase name="testB" time="0.0" classname="suiteB.TestB">
    <skipped/>
  </testcase> <!-- testB -->
</testsuite> <!-- Test AB -->
