<?xml version="1.0" encoding="UTF-8"?>
<!-- Generated by org.testng.reporters.JUnitXMLReporter -->
<testsuite hostname="Mir-PC" ignored="0" name="Test" tests="4" failures="0" timestamp="23 Jul 2020 04:59:02 GMT" time="8.964" errors="0">
  <testcase name="testAA" time="2.014" classname="suiteA.TestAA"/>
  <testcase name="testAA" time="2.014" classname="suiteA.TestAA"/>
  <testcase name="testA" time="2.002" classname="suiteA.TestA"/>
  <testcase name="testA" time="2.002" classname="suiteA.TestA"/>
</testsuite> <!-- Test -->
