<?xml version="1.0" encoding="UTF-8"?>
<!-- Generated by org.testng.reporters.JUnitXMLReporter -->
<testsuite hostname="Mir-PC" ignored="0" name="Test A" tests="2" failures="2" timestamp="26 Jul 2020 09:20:59 GMT" time="1.063" errors="0">
  <testcase name="testA" time="0.015" classname="suiteA.TestA">
    <failure type="java.lang.AssertionError" message="The following asserts failed:
	Titles do not match.,
	Text not matches,
	a is not valid">
      <![CDATA[java.lang.AssertionError: The following asserts failed:
Titles do not match.,
Text not matches,
a is not valid
at testbase.TestBase.failAndStopTest(TestBase.java:71)
at suiteA.TestA.testA(TestA.java:30)
... Removed 27 stack frames]]>
    </failure>
  </testcase> <!-- testA -->
  <testcase name="testA" time="0.004" classname="suiteA.TestA">
    <failure type="java.lang.AssertionError" message="The following asserts failed:
	Titles do not match.,
	Text not matches,
	a is not valid">
      <![CDATA[java.lang.AssertionError: The following asserts failed:
Titles do not match.,
Text not matches,
a is not valid
at testbase.TestBase.failAndStopTest(TestBase.java:71)
at suiteA.TestA.testA(TestA.java:30)
... Removed 27 stack frames]]>
    </failure>
  </testcase> <!-- testA -->
</testsuite> <!-- Test A -->
