<?xml version="1.0" encoding="UTF-8"?>
<!-- Generated by org.testng.reporters.JUnitXMLReporter -->
<testsuite hostname="Mir-PC" ignored="0" name="Booking" tests="4" failures="1" timestamp="26 Jul 2020 10:52:42 GMT" time="0.097" errors="0">
  <testcase name="search" time="0.015" classname="note.Booking">
    <failure type="java.lang.AssertionError" message="null">
      <![CDATA[java.lang.AssertionError: null
at note.Booking.search(Booking.java:10)
... Removed 27 stack frames]]>
    </failure>
  </testcase> <!-- search -->
  <testcase name="select" time="0.0" classname="note.Booking">
    <skipped/>
  </testcase> <!-- select -->
  <testcase name="checkout" time="0.0" classname="note.Booking">
    <skipped/>
  </testcase> <!-- checkout -->
  <testcase name="confirm" time="0.0" classname="note.Booking">
    <skipped/>
  </testcase> <!-- confirm -->
</testsuite> <!-- Booking -->
