<?xml version="1.0" encoding="UTF-8"?>
<testng-results skipped="0" failed="0" ignored="0" total="6" passed="6">
  <reporter-output>
    <line>
      <![CDATA[----beforeMethod---- testA2_1]]>
    </line>
    <line>
      <![CDATA[----beforeMethod---- null]]>
    </line>
    <line>
      <![CDATA[beforeMethod:->null]]>
    </line>
    <line>
      <![CDATA[Starting test listeners:->testA2_1]]>
    </line>
    <line>
      <![CDATA[----testA2_1 in method----]]>
    </line>
    <line>
      <![CDATA[Test success listeners:->testA2_1]]>
    </line>
    <line>
      <![CDATA[----beforeMethod---- testA2_2]]>
    </line>
    <line>
      <![CDATA[----beforeMethod---- null]]>
    </line>
    <line>
      <![CDATA[beforeMethod:->null]]>
    </line>
    <line>
      <![CDATA[Starting test listeners:->testA2_2]]>
    </line>
    <line>
      <![CDATA[----testA2_2 in method----]]>
    </line>
    <line>
      <![CDATA[Test success listeners:->testA2_2]]>
    </line>
    <line>
      <![CDATA[----beforeMethod---- testA2_3]]>
    </line>
    <line>
      <![CDATA[----beforeMethod---- null]]>
    </line>
    <line>
      <![CDATA[beforeMethod:->null]]>
    </line>
    <line>
      <![CDATA[Starting test listeners:->testA2_3]]>
    </line>
    <line>
      <![CDATA[----testA2_3 in method----]]>
    </line>
    <line>
      <![CDATA[Test success listeners:->testA2_3]]>
    </line>
    <line>
      <![CDATA[----beforeMethod---- testA2_4]]>
    </line>
    <line>
      <![CDATA[----beforeMethod---- null]]>
    </line>
    <line>
      <![CDATA[beforeMethod:->null]]>
    </line>
    <line>
      <![CDATA[Starting test listeners:->testA2_4]]>
    </line>
    <line>
      <![CDATA[----testA2_4 in method----]]>
    </line>
    <line>
      <![CDATA[Test success listeners:->testA2_4]]>
    </line>
    <line>
      <![CDATA[----beforeMethod---- testA2_5]]>
    </line>
    <line>
      <![CDATA[----beforeMethod---- null]]>
    </line>
    <line>
      <![CDATA[beforeMethod:->null]]>
    </line>
    <line>
      <![CDATA[Starting test listeners:->testA2_5]]>
    </line>
    <line>
      <![CDATA[----testA2_5 in method----]]>
    </line>
    <line>
      <![CDATA[Test success listeners:->testA2_5]]>
    </line>
    <line>
      <![CDATA[----beforeMethod---- testA2_6]]>
    </line>
    <line>
      <![CDATA[----beforeMethod---- null]]>
    </line>
    <line>
      <![CDATA[beforeMethod:->null]]>
    </line>
    <line>
      <![CDATA[Starting test listeners:->testA2_6]]>
    </line>
    <line>
      <![CDATA[----testA2_6 in method----]]>
    </line>
    <line>
      <![CDATA[Test success listeners:->testA2_6]]>
    </line>
  </reporter-output>
  <suite name="Default suite" duration-ms="93" started-at="2020-07-29T04:52:56Z" finished-at="2020-07-29T04:52:56Z">
    <groups>
    </groups>
    <test name="Default test" duration-ms="93" started-at="2020-07-29T04:52:56Z" finished-at="2020-07-29T04:52:56Z">
      <class name="suiteA.TestA2">
        <test-method status="PASS" signature="beforeMethod(org.testng.ITestResult)[pri:0, instance:suiteA.TestA2@56ef9176]" name="beforeMethod" is-config="true" duration-ms="12" started-at="2020-07-29T04:52:56Z" finished-at="2020-07-29T04:52:56Z">
          <params>
            <param index="0">
              <value>
                <![CDATA[[TestResult name=testA2_1 status=SUCCESS method=TestA2.testA2_1()[pri:0, instance:suiteA.TestA2@56ef9176] output=Starting test listeners:->testA2_1]]]>
              </value>
            </param>
          </params>
          <reporter-output>
            <line>
              <![CDATA[----beforeMethod---- testA2_1]]>
            </line>
            <line>
              <![CDATA[----beforeMethod---- null]]>
            </line>
            <line>
              <![CDATA[beforeMethod:->null]]>
            </line>
          </reporter-output>
        </test-method> <!-- beforeMethod -->
        <test-method status="PASS" signature="testA2_1()[pri:0, instance:suiteA.TestA2@56ef9176]" name="testA2_1" duration-ms="6" started-at="2020-07-29T04:52:56Z" finished-at="2020-07-29T04:52:56Z">
          <reporter-output>
            <line>
              <![CDATA[Starting test listeners:->testA2_1]]>
            </line>
            <line>
              <![CDATA[----testA2_1 in method----]]>
            </line>
            <line>
              <![CDATA[Test success listeners:->testA2_1]]>
            </line>
          </reporter-output>
        </test-method> <!-- testA2_1 -->
        <test-method status="PASS" signature="beforeMethod(org.testng.ITestResult)[pri:0, instance:suiteA.TestA2@56ef9176]" name="beforeMethod" is-config="true" duration-ms="1" started-at="2020-07-29T04:52:56Z" finished-at="2020-07-29T04:52:56Z">
          <params>
            <param index="0">
              <value>
                <![CDATA[[TestResult name=testA2_2 status=SUCCESS method=TestA2.testA2_2()[pri:0, instance:suiteA.TestA2@56ef9176] output=Starting test listeners:->testA2_2]]]>
              </value>
            </param>
          </params>
          <reporter-output>
            <line>
              <![CDATA[----beforeMethod---- testA2_2]]>
            </line>
            <line>
              <![CDATA[----beforeMethod---- null]]>
            </line>
            <line>
              <![CDATA[beforeMethod:->null]]>
            </line>
          </reporter-output>
        </test-method> <!-- beforeMethod -->
        <test-method status="PASS" signature="testA2_2()[pri:0, instance:suiteA.TestA2@56ef9176]" name="testA2_2" duration-ms="4" started-at="2020-07-29T04:52:56Z" finished-at="2020-07-29T04:52:56Z">
          <reporter-output>
            <line>
              <![CDATA[Starting test listeners:->testA2_2]]>
            </line>
            <line>
              <![CDATA[----testA2_2 in method----]]>
            </line>
            <line>
              <![CDATA[Test success listeners:->testA2_2]]>
            </line>
          </reporter-output>
        </test-method> <!-- testA2_2 -->
        <test-method status="PASS" signature="beforeMethod(org.testng.ITestResult)[pri:0, instance:suiteA.TestA2@56ef9176]" name="beforeMethod" is-config="true" duration-ms="1" started-at="2020-07-29T04:52:56Z" finished-at="2020-07-29T04:52:56Z">
          <params>
            <param index="0">
              <value>
                <![CDATA[[TestResult name=testA2_3 status=SUCCESS method=TestA2.testA2_3()[pri:0, instance:suiteA.TestA2@56ef9176] output=Starting test listeners:->testA2_3]]]>
              </value>
            </param>
          </params>
          <reporter-output>
            <line>
              <![CDATA[----beforeMethod---- testA2_3]]>
            </line>
            <line>
              <![CDATA[----beforeMethod---- null]]>
            </line>
            <line>
              <![CDATA[beforeMethod:->null]]>
            </line>
          </reporter-output>
        </test-method> <!-- beforeMethod -->
        <test-method status="PASS" signature="testA2_3()[pri:0, instance:suiteA.TestA2@56ef9176]" name="testA2_3" duration-ms="2" started-at="2020-07-29T04:52:56Z" finished-at="2020-07-29T04:52:56Z">
          <reporter-output>
            <line>
              <![CDATA[Starting test listeners:->testA2_3]]>
            </line>
            <line>
              <![CDATA[----testA2_3 in method----]]>
            </line>
            <line>
              <![CDATA[Test success listeners:->testA2_3]]>
            </line>
          </reporter-output>
        </test-method> <!-- testA2_3 -->
        <test-method status="PASS" signature="beforeMethod(org.testng.ITestResult)[pri:0, instance:suiteA.TestA2@56ef9176]" name="beforeMethod" is-config="true" duration-ms="2" started-at="2020-07-29T04:52:56Z" finished-at="2020-07-29T04:52:56Z">
          <params>
            <param index="0">
              <value>
                <![CDATA[[TestResult name=testA2_4 status=SUCCESS method=TestA2.testA2_4()[pri:0, instance:suiteA.TestA2@56ef9176] output=Starting test listeners:->testA2_4]]]>
              </value>
            </param>
          </params>
          <reporter-output>
            <line>
              <![CDATA[----beforeMethod---- testA2_4]]>
            </line>
            <line>
              <![CDATA[----beforeMethod---- null]]>
            </line>
            <line>
              <![CDATA[beforeMethod:->null]]>
            </line>
          </reporter-output>
        </test-method> <!-- beforeMethod -->
        <test-method status="PASS" signature="testA2_4()[pri:0, instance:suiteA.TestA2@56ef9176]" name="testA2_4" duration-ms="2" started-at="2020-07-29T04:52:56Z" finished-at="2020-07-29T04:52:56Z">
          <reporter-output>
            <line>
              <![CDATA[Starting test listeners:->testA2_4]]>
            </line>
            <line>
              <![CDATA[----testA2_4 in method----]]>
            </line>
            <line>
              <![CDATA[Test success listeners:->testA2_4]]>
            </line>
          </reporter-output>
        </test-method> <!-- testA2_4 -->
        <test-method status="PASS" signature="beforeMethod(org.testng.ITestResult)[pri:0, instance:suiteA.TestA2@56ef9176]" name="beforeMethod" is-config="true" duration-ms="3" started-at="2020-07-29T04:52:56Z" finished-at="2020-07-29T04:52:56Z">
          <params>
            <param index="0">
              <value>
                <![CDATA[[TestResult name=testA2_5 status=SUCCESS method=TestA2.testA2_5()[pri:0, instance:suiteA.TestA2@56ef9176] output=Starting test listeners:->testA2_5]]]>
              </value>
            </param>
          </params>
          <reporter-output>
            <line>
              <![CDATA[----beforeMethod---- testA2_5]]>
            </line>
            <line>
              <![CDATA[----beforeMethod---- null]]>
            </line>
            <line>
              <![CDATA[beforeMethod:->null]]>
            </line>
          </reporter-output>
        </test-method> <!-- beforeMethod -->
        <test-method status="PASS" signature="testA2_5()[pri:0, instance:suiteA.TestA2@56ef9176]" name="testA2_5" duration-ms="1" started-at="2020-07-29T04:52:56Z" finished-at="2020-07-29T04:52:56Z">
          <reporter-output>
            <line>
              <![CDATA[Starting test listeners:->testA2_5]]>
            </line>
            <line>
              <![CDATA[----testA2_5 in method----]]>
            </line>
            <line>
              <![CDATA[Test success listeners:->testA2_5]]>
            </line>
          </reporter-output>
        </test-method> <!-- testA2_5 -->
        <test-method status="PASS" signature="beforeMethod(org.testng.ITestResult)[pri:0, instance:suiteA.TestA2@56ef9176]" name="beforeMethod" is-config="true" duration-ms="1" started-at="2020-07-29T04:52:56Z" finished-at="2020-07-29T04:52:56Z">
          <params>
            <param index="0">
              <value>
                <![CDATA[[TestResult name=testA2_6 status=SUCCESS method=TestA2.testA2_6()[pri:0, instance:suiteA.TestA2@56ef9176] output=Starting test listeners:->testA2_6]]]>
              </value>
            </param>
          </params>
          <reporter-output>
            <line>
              <![CDATA[----beforeMethod---- testA2_6]]>
            </line>
            <line>
              <![CDATA[----beforeMethod---- null]]>
            </line>
            <line>
              <![CDATA[beforeMethod:->null]]>
            </line>
          </reporter-output>
        </test-method> <!-- beforeMethod -->
        <test-method status="PASS" signature="testA2_6()[pri:0, instance:suiteA.TestA2@56ef9176]" name="testA2_6" duration-ms="3" started-at="2020-07-29T04:52:56Z" finished-at="2020-07-29T04:52:56Z">
          <reporter-output>
            <line>
              <![CDATA[Starting test listeners:->testA2_6]]>
            </line>
            <line>
              <![CDATA[----testA2_6 in method----]]>
            </line>
            <line>
              <![CDATA[Test success listeners:->testA2_6]]>
            </line>
          </reporter-output>
        </test-method> <!-- testA2_6 -->
      </class> <!-- suiteA.TestA2 -->
    </test> <!-- Default test -->
  </suite> <!-- Default suite -->
</testng-results>
